
> my-v0-project@0.1.0 build
> next build

   ▲ Next.js 15.2.6

   Creating an optimized production build ...
 ✓ Compiled successfully
   Skipping validation of types
   Skipping linting
   Collecting page data ...
   Generating static pages (0/5) ...
   Generating static pages (1/5) 
   Generating static pages (2/5) 
   Generating static pages (3/5) 
 ✓ Generating static pages (5/5)
   Finalizing page optimization ...
   Collecting build traces ...

Route (app)                                 Size  First Load JS
┌ ○ /                                     102 kB         202 kB
├ ○ /_not-found                            977 B         101 kB
└ ƒ /api/contact                           136 B         101 kB
+ First Load JS shared by all             100 kB
  ├ chunks/4bd1b696-7a69eb9ed403e59d.js  53.3 kB
  ├ chunks/684-140ce63e2918adf7.js       45.3 kB
  └ other shared chunks (total)          1.92 kB


○  (Static)   prerendered as static content
ƒ  (Dynamic)  server-rendered on demand

